<?xml version="1.0" encoding="UTF-8"?>
<testng-results ignored="0" total="1" passed="1" failed="0" skipped="0">
  <reporter-output>
  </reporter-output>
  <suite started-at="2022-09-28T19:21:22 IST" name="Default suite" finished-at="2022-09-28T19:21:34 IST" duration-ms="11727">
    <groups>
    </groups>
    <test started-at="2022-09-28T19:21:22 IST" name="Default test" finished-at="2022-09-28T19:21:34 IST" duration-ms="11727">
      <class name="com.RegistrationPage">
        <test-method is-config="true" signature="beforeMethod()[pri:0, instance:com.RegistrationPage@56cdfb3b]" started-at="2022-09-28T19:21:22 IST" name="beforeMethod" finished-at="2022-09-28T19:21:31 IST" duration-ms="8958" status="PASS">
          <reporter-output>
          </reporter-output>
        </test-method> <!-- beforeMethod -->
        <test-method signature="registrationPageTest()[pri:0, instance:com.RegistrationPage@56cdfb3b]" started-at="2022-09-28T19:21:31 IST" name="registrationPageTest" finished-at="2022-09-28T19:21:34 IST" duration-ms="2642" status="PASS">
          <reporter-output>
          </reporter-output>
        </test-method> <!-- registrationPageTest -->
        <test-method is-config="true" signature="afterMethod()[pri:0, instance:com.RegistrationPage@56cdfb3b]" started-at="2022-09-28T19:21:34 IST" name="afterMethod" finished-at="2022-09-28T19:21:34 IST" duration-ms="0" status="PASS">
          <reporter-output>
          </reporter-output>
        </test-method> <!-- afterMethod -->
      </class> <!-- com.RegistrationPage -->
    </test> <!-- Default test -->
  </suite> <!-- Default suite -->
</testng-results>
